<?xml version="1.0" encoding="UTF-8"?>
<!-- Generated by org.testng.reporters.JUnitReportReporter -->
<testsuite skipped="0" hostname="krish" name="testngwaits.exp" tests="1" failures="0" timestamp="2023-08-21T06:23:57 IST" time="3.658" errors="0">
  <testcase name="t1" time="3.658" classname="testngwaits.exp"/>
  <system-out/>
</testsuite> <!-- testngwaits.exp -->
