<?xml version="1.0" encoding="UTF-8"?>
<!-- Generated by org.testng.reporters.JUnitReportReporter -->
<testsuite skipped="0" hostname="krish" name="dataprovider.f1" tests="3" failures="0" timestamp="2023-08-25T13:39:49 IST" time="26.877" errors="0">
  <testcase name="DataProvSampleTest" time="13.936" classname="dataprovider.f1"/>
  <system-out/>
  <testcase name="DataProvSampleTest" time="6.624" classname="dataprovider.f1"/>
  <system-out/>
  <testcase name="DataProvSampleTest" time="6.317" classname="dataprovider.f1"/>
  <system-out/>
</testsuite> <!-- dataprovider.f1 -->
