<?xml version="1.0" encoding="UTF-8"?>
<!-- Generated by org.testng.reporters.JUnitReportReporter -->
<testsuite skipped="0" hostname="krish" name="testngdepend.r1" tests="7" failures="0" timestamp="2023-08-16T06:26:09 IST" time="11.837" errors="0">
  <testcase name="vst" time="4.435" classname="testngdepend.r1"/>
  <system-out/>
  <testcase name="max" time="0.146" classname="testngdepend.r1"/>
  <system-out/>
  <testcase name="refreshing" time="0.042" classname="testngdepend.r1"/>
  <system-out/>
  <testcase name="refreshing" time="0.916" classname="testngdepend.r1"/>
  <system-out/>
  <testcase name="refreshing" time="0.018" classname="testngdepend.r1"/>
  <system-out/>
  <testcase name="clicking" time="2.536" classname="testngdepend.r1"/>
  <system-out/>
  <testcase name="closing" time="3.744" classname="testngdepend.r1"/>
  <system-out/>
</testsuite> <!-- testngdepend.r1 -->
