<?xml version="1.0" encoding="UTF-8"?>
<!-- Generated by org.testng.reporters.JUnitReportReporter -->
<testsuite skipped="0" hostname="krish" name="testngannotations.a1" tests="2" failures="0" timestamp="2023-08-18T06:13:32 IST" time="2.311" errors="0">
  <testcase name="t1" time="0.487" classname="testngannotations.a1"/>
  <system-out/>
  <testcase name="t2" time="1.824" classname="testngannotations.a1"/>
  <system-out/>
</testsuite> <!-- testngannotations.a1 -->
